0 info it worked if it ends with ok
1 verbose cli [ 'C:\\Program Files\\nodejs\\node.exe',
1 verbose cli   'C:\\Users\\Artem\\AppData\\Roaming\\npm\\node_modules\\npm\\bin\\npm-cli.js',
1 verbose cli   'run',
1 verbose cli   'test',
1 verbose cli   '--no-cache' ]
2 info using npm@6.0.1
3 info using node@v8.9.1
4 verbose run-script [ 'pretest', 'test', 'posttest' ]
5 info lifecycle journalApp@0.1.0~pretest: journalApp@0.1.0
6 info lifecycle journalApp@0.1.0~test: journalApp@0.1.0
7 verbose lifecycle journalApp@0.1.0~test: unsafe-perm in lifecycle true
8 verbose lifecycle journalApp@0.1.0~test: PATH: C:\Users\Artem\AppData\Roaming\npm\node_modules\npm\node_modules\npm-lifecycle\node-gyp-bin;C:\Users\Artem\git\journalApp\node_modules\.bin;C:\Program Files (x86)\Common Files\Oracle\Java\javapath;C:\Program Files\Microsoft MPI\Bin\;C:\ProgramData\Oracle\Java\javapath;C:\Program Files (x86)\OpenSSH\bin;C:\Program Files\PuTTY\;C:\Program Files (x86)\Yarn\bin;C:\WINDOWS\system32;C:\WINDOWS;C:\WINDOWS\System32\Wbem;C:\WINDOWS\System32\WindowsPowerShell\v1.0\;C:\Program Files (x86)\Microsoft SQL Server\130\Tools\Binn\;C:\Program Files (x86)\Microsoft SQL Server\130\DTS\Binn\;C:\Program Files (x86)\Microsoft SQL Server\Client SDK\ODBC\130\Tools\Binn\;C:\Program Files (x86)\Microsoft SQL Server\130\Tools\Binn\ManagementStudio\;C:\Program Files\Microsoft SQL Server\110\DTS\Binn\;C:\Program Files (x86)\Microsoft SQL Server\110\Tools\Binn\;C:\Program Files\Microsoft SQL Server\110\Tools\Binn\;C:\Program Files (x86)\Microsoft SQL Server\110\Tools\Binn\ManagementStudio\;C:\Program Files (x86)\Microsoft Visual Studio 10.0\Common7\IDE\PrivateAssemblies\;C:\Program Files (x86)\Microsoft SQL Server\110\DTS\Binn\;C:\Program Files (x86)\sbt\bin;C:\Ruby24-x64\bin;C:\Program Files\Intel\WiFi\bin\;C:\Program Files\Common Files\Intel\WirelessCommon\;C:\Users\Artem\AppData\Local\Microsoft\WindowsApps;C:\Program Files (x86)\Microsoft VS Code\bin;C:\Users\Artem\AppData\Local\Yarn\bin;C:\Users\Artem\AppData\Roaming\nvm;C:\Program Files\nodejs;C:\Users\Artem\AppData\Roaming\npm;C:\Program Files\Git\bin;
9 verbose lifecycle journalApp@0.1.0~test: CWD: C:\Users\Artem\git\journalApp
10 silly lifecycle journalApp@0.1.0~test: Args: [ '/d /s /c', 'jest' ]
11 silly lifecycle journalApp@0.1.0~test: Returned: code: 1  signal: null
12 info lifecycle journalApp@0.1.0~test: Failed to exec test script
13 verbose stack Error: journalApp@0.1.0 test: `jest`
13 verbose stack Exit status 1
13 verbose stack     at EventEmitter.<anonymous> (C:\Users\Artem\AppData\Roaming\npm\node_modules\npm\node_modules\npm-lifecycle\index.js:283:16)
13 verbose stack     at emitTwo (events.js:126:13)
13 verbose stack     at EventEmitter.emit (events.js:214:7)
13 verbose stack     at ChildProcess.<anonymous> (C:\Users\Artem\AppData\Roaming\npm\node_modules\npm\node_modules\npm-lifecycle\lib\spawn.js:55:14)
13 verbose stack     at emitTwo (events.js:126:13)
13 verbose stack     at ChildProcess.emit (events.js:214:7)
13 verbose stack     at maybeClose (internal/child_process.js:925:16)
13 verbose stack     at Process.ChildProcess._handle.onexit (internal/child_process.js:209:5)
14 verbose pkgid journalApp@0.1.0
15 verbose cwd C:\Users\Artem\git\journalApp
16 verbose Windows_NT 10.0.16299
17 verbose argv "C:\\Program Files\\nodejs\\node.exe" "C:\\Users\\Artem\\AppData\\Roaming\\npm\\node_modules\\npm\\bin\\npm-cli.js" "run" "test" "--no-cache"
18 verbose node v8.9.1
19 verbose npm  v6.0.1
20 error code ELIFECYCLE
21 error errno 1
22 error journalApp@0.1.0 test: `jest`
22 error Exit status 1
23 error Failed at the journalApp@0.1.0 test script.
23 error This is probably not a problem with npm. There is likely additional logging output above.
24 verbose exit [ 1, true ]
